Compiling the C compiler identification source file "CMakeCCompilerId.c" failed.
Compiler: /teensyduino/bin/arm-none-eabi-gcc 
Build flags: 
Id flags:  

The output was:
1
/teensyduino/bin/arm-none-eabi-ld: cannot find crti.o: No such file or directory
/teensyduino/bin/arm-none-eabi-ld: cannot find crtbegin.o: No such file or directory
/teensyduino/bin/arm-none-eabi-ld: cannot find -lgcc
/teensyduino/bin/arm-none-eabi-ld: cannot find -lc
collect2: error: ld returned 1 exit status


Compiling the CXX compiler identification source file "CMakeCXXCompilerId.cpp" failed.
Compiler: /teensyduino/bin/arm-none-eabi-g++ 
Build flags: 
Id flags:  

The output was:
1
/teensyduino/bin/arm-none-eabi-ld: cannot find crti.o: No such file or directory
/teensyduino/bin/arm-none-eabi-ld: cannot find crtbegin.o: No such file or directory
/teensyduino/bin/arm-none-eabi-ld: cannot find -lstdc++
/teensyduino/bin/arm-none-eabi-ld: cannot find -lm
/teensyduino/bin/arm-none-eabi-ld: cannot find -lgcc
/teensyduino/bin/arm-none-eabi-ld: cannot find -lc
collect2: error: ld returned 1 exit status


Detecting C compiler ABI info failed to compile with the following output:
Change Dir: /teensyduino/build/CMakeFiles/CMakeTmp

Run Build Command(s):/usr/bin/make cmTC_32f5f/fast && /usr/bin/make -f CMakeFiles/cmTC_32f5f.dir/build.make CMakeFiles/cmTC_32f5f.dir/build
make[1]: Entering directory '/teensyduino/build/CMakeFiles/CMakeTmp'
Building C object CMakeFiles/cmTC_32f5f.dir/CMakeCCompilerABI.c.obj
/teensyduino/bin/arm-none-eabi-gcc   -v -o CMakeFiles/cmTC_32f5f.dir/CMakeCCompilerABI.c.obj   -c /usr/share/cmake-3.16/Modules/CMakeCCompilerABI.c
Using built-in specs.
COLLECT_GCC=/teensyduino/bin/arm-none-eabi-gcc
Target: arm-none-eabi
Configured with: /home/paul/gcc-arm-none-eabi-5_4-2016q3-20160926/src/gcc/configure --target=arm-none-eabi --prefix=/home/paul/gcc-arm-none-eabi-5_4-2016q3-20160926/install-native --libexecdir=/home/paul/gcc-arm-none-eabi-5_4-2016q3-20160926/install-native/lib --infodir=/home/paul/gcc-arm-none-eabi-5_4-2016q3-20160926/install-native/share/doc/gcc-arm-none-eabi/info --mandir=/home/paul/gcc-arm-none-eabi-5_4-2016q3-20160926/install-native/share/doc/gcc-arm-none-eabi/man --htmldir=/home/paul/gcc-arm-none-eabi-5_4-2016q3-20160926/install-native/share/doc/gcc-arm-none-eabi/html --pdfdir=/home/paul/gcc-arm-none-eabi-5_4-2016q3-20160926/install-native/share/doc/gcc-arm-none-eabi/pdf --enable-languages=c,c++ --enable-plugins --disable-decimal-float --disable-libffi --disable-libgomp --disable-libmudflap --disable-libquadmath --disable-libssp --disable-libstdcxx-pch --disable-nls --disable-shared --disable-threads --disable-tls --with-gnu-as --with-gnu-ld --with-newlib --with-headers=yes --with-python-dir=share/gcc-arm-none-eabi --with-sysroot=/home/paul/gcc-arm-none-eabi-5_4-2016q3-20160926/install-native/arm-none-eabi --build=x86_64-linux-gnu --host=x86_64-linux-gnu --with-gmp=/home/paul/gcc-arm-none-eabi-5_4-2016q3-20160926/build-native/host-libs/usr --with-mpfr=/home/paul/gcc-arm-none-eabi-5_4-2016q3-20160926/build-native/host-libs/usr --with-mpc=/home/paul/gcc-arm-none-eabi-5_4-2016q3-20160926/build-native/host-libs/usr --with-isl=/home/paul/gcc-arm-none-eabi-5_4-2016q3-20160926/build-native/host-libs/usr --with-cloog=/home/paul/gcc-arm-none-eabi-5_4-2016q3-20160926/build-native/host-libs/usr --with-libelf=/home/paul/gcc-arm-none-eabi-5_4-2016q3-20160926/build-native/host-libs/usr --with-host-libstdcxx='-static-libgcc -Wl,-Bstatic,-lstdc++,-Bdynamic -lm' --with-pkgversion='GNU Tools for ARM Embedded Processors' --with-multilib-list=armv6-m,armv7-m,armv7e-m,armv7-r,armv8-m.base,armv8-m.main
Thread model: single
gcc version 5.4.1 20160919 (release) [ARM/embedded-5-branch revision 240496] (GNU Tools for ARM Embedded Processors) 
COLLECT_GCC_OPTIONS='-v' '-o' 'CMakeFiles/cmTC_32f5f.dir/CMakeCCompilerABI.c.obj' '-c'
 /teensyduino/bin/../lib/gcc/cc1 -quiet -v -iprefix /teensyduino/bin/../lib/gcc/arm-none-eabi/5.4.1/ -D__USES_INITFINI__ /usr/share/cmake-3.16/Modules/CMakeCCompilerABI.c -quiet -dumpbase CMakeCCompilerABI.c -auxbase-strip CMakeFiles/cmTC_32f5f.dir/CMakeCCompilerABI.c.obj -version -o /tmp/ccH8oecO.s
GNU C11 (GNU Tools for ARM Embedded Processors) version 5.4.1 20160919 (release) [ARM/embedded-5-branch revision 240496] (arm-none-eabi)
	compiled by GNU C version 4.3.2, GMP version 4.3.2, MPFR version 2.4.2, MPC version 0.8.1
GGC heuristics: --param ggc-min-expand=100 --param ggc-min-heapsize=131072
ignoring nonexistent directory "/teensyduino/bin/../lib/gcc/arm-none-eabi/5.4.1/include"
ignoring nonexistent directory "/teensyduino/bin/../lib/gcc/arm-none-eabi/5.4.1/include-fixed"
ignoring nonexistent directory "/teensyduino/bin/../lib/gcc/arm-none-eabi/5.4.1/../../../../arm-none-eabi/include"
ignoring nonexistent directory "/teensyduino/bin/../lib/gcc/../../lib/gcc/arm-none-eabi/5.4.1/include"
ignoring nonexistent directory "/home/paul/gcc-arm-none-eabi-5_4-2016q3-20160926/install-native/arm-none-eabi/usr/local/include"
ignoring nonexistent directory "/teensyduino/bin/../lib/gcc/../../lib/gcc/arm-none-eabi/5.4.1/include-fixed"
ignoring nonexistent directory "/teensyduino/bin/../lib/gcc/../../lib/gcc/arm-none-eabi/5.4.1/../../../../arm-none-eabi/include"
ignoring nonexistent directory "/home/paul/gcc-arm-none-eabi-5_4-2016q3-20160926/install-native/arm-none-eabi/usr/include"
#include "..." search starts here:
#include <...> search starts here:
End of search list.
GNU C11 (GNU Tools for ARM Embedded Processors) version 5.4.1 20160919 (release) [ARM/embedded-5-branch revision 240496] (arm-none-eabi)
	compiled by GNU C version 4.3.2, GMP version 4.3.2, MPFR version 2.4.2, MPC version 0.8.1
GGC heuristics: --param ggc-min-expand=100 --param ggc-min-heapsize=131072
Compiler executable checksum: ce524ff683f2306e8a5e16f85f4f33cb
COLLECT_GCC_OPTIONS='-v' '-o' 'CMakeFiles/cmTC_32f5f.dir/CMakeCCompilerABI.c.obj' '-c'
 as -v -meabi=5 -o CMakeFiles/cmTC_32f5f.dir/CMakeCCompilerABI.c.obj /tmp/ccH8oecO.s
GNU assembler version 2.26.2 (arm-none-eabi) using BFD version (GNU Tools for ARM Embedded Processors) 2.26.2.20160923
COMPILER_PATH=/teensyduino/bin/../lib/gcc/
LIBRARY_PATH=/teensyduino/bin/../lib/gcc/
COLLECT_GCC_OPTIONS='-v' '-o' 'CMakeFiles/cmTC_32f5f.dir/CMakeCCompilerABI.c.obj' '-c'
Linking C executable cmTC_32f5f
/usr/bin/cmake -E cmake_link_script CMakeFiles/cmTC_32f5f.dir/link.txt --verbose=1
/teensyduino/bin/arm-none-eabi-gcc     -v CMakeFiles/cmTC_32f5f.dir/CMakeCCompilerABI.c.obj  -o cmTC_32f5f 
Using built-in specs.
COLLECT_GCC=/teensyduino/bin/arm-none-eabi-gcc
COLLECT_LTO_WRAPPER=/teensyduino/bin/../lib/gcc/lto-wrapper
Target: arm-none-eabi
Configured with: /home/paul/gcc-arm-none-eabi-5_4-2016q3-20160926/src/gcc/configure --target=arm-none-eabi --prefix=/home/paul/gcc-arm-none-eabi-5_4-2016q3-20160926/install-native --libexecdir=/home/paul/gcc-arm-none-eabi-5_4-2016q3-20160926/install-native/lib --infodir=/home/paul/gcc-arm-none-eabi-5_4-2016q3-20160926/install-native/share/doc/gcc-arm-none-eabi/info --mandir=/home/paul/gcc-arm-none-eabi-5_4-2016q3-20160926/install-native/share/doc/gcc-arm-none-eabi/man --htmldir=/home/paul/gcc-arm-none-eabi-5_4-2016q3-20160926/install-native/share/doc/gcc-arm-none-eabi/html --pdfdir=/home/paul/gcc-arm-none-eabi-5_4-2016q3-20160926/install-native/share/doc/gcc-arm-none-eabi/pdf --enable-languages=c,c++ --enable-plugins --disable-decimal-float --disable-libffi --disable-libgomp --disable-libmudflap --disable-libquadmath --disable-libssp --disable-libstdcxx-pch --disable-nls --disable-shared --disable-threads --disable-tls --with-gnu-as --with-gnu-ld --with-newlib --with-headers=yes --with-python-dir=share/gcc-arm-none-eabi --with-sysroot=/home/paul/gcc-arm-none-eabi-5_4-2016q3-20160926/install-native/arm-none-eabi --build=x86_64-linux-gnu --host=x86_64-linux-gnu --with-gmp=/home/paul/gcc-arm-none-eabi-5_4-2016q3-20160926/build-native/host-libs/usr --with-mpfr=/home/paul/gcc-arm-none-eabi-5_4-2016q3-20160926/build-native/host-libs/usr --with-mpc=/home/paul/gcc-arm-none-eabi-5_4-2016q3-20160926/build-native/host-libs/usr --with-isl=/home/paul/gcc-arm-none-eabi-5_4-2016q3-20160926/build-native/host-libs/usr --with-cloog=/home/paul/gcc-arm-none-eabi-5_4-2016q3-20160926/build-native/host-libs/usr --with-libelf=/home/paul/gcc-arm-none-eabi-5_4-2016q3-20160926/build-native/host-libs/usr --with-host-libstdcxx='-static-libgcc -Wl,-Bstatic,-lstdc++,-Bdynamic -lm' --with-pkgversion='GNU Tools for ARM Embedded Processors' --with-multilib-list=armv6-m,armv7-m,armv7e-m,armv7-r,armv8-m.base,armv8-m.main
Thread model: single
gcc version 5.4.1 20160919 (release) [ARM/embedded-5-branch revision 240496] (GNU Tools for ARM Embedded Processors) 
COMPILER_PATH=/teensyduino/bin/../lib/gcc/
LIBRARY_PATH=/teensyduino/bin/../lib/gcc/
COLLECT_GCC_OPTIONS='-v' '-o' 'cmTC_32f5f'
 /teensyduino/bin/../lib/gcc/collect2 -plugin /teensyduino/bin/../lib/gcc/liblto_plugin.so -plugin-opt=/teensyduino/bin/../lib/gcc/lto-wrapper -plugin-opt=-fresolution=/tmp/cc9ZsciR.res -plugin-opt=-pass-through=-lgcc -plugin-opt=-pass-through=-lc --sysroot=/home/paul/gcc-arm-none-eabi-5_4-2016q3-20160926/install-native/arm-none-eabi -X -o cmTC_32f5f crti.o crtbegin.o /teensyduino/bin/../lib/gcc/crt0.o -L/teensyduino/bin/../lib/gcc CMakeFiles/cmTC_32f5f.dir/CMakeCCompilerABI.c.obj --start-group -lgcc -lc --end-group crtend.o crtn.o
/teensyduino/bin/arm-none-eabi-ld: cannot find crti.o: No such file or directory
/teensyduino/bin/arm-none-eabi-ld: cannot find crtbegin.o: No such file or directory
/teensyduino/bin/arm-none-eabi-ld: cannot find -lgcc
/teensyduino/bin/arm-none-eabi-ld: cannot find -lc
collect2: error: ld returned 1 exit status
make[1]: *** [CMakeFiles/cmTC_32f5f.dir/build.make:87: cmTC_32f5f] Error 1
make[1]: Leaving directory '/teensyduino/build/CMakeFiles/CMakeTmp'
make: *** [Makefile:121: cmTC_32f5f/fast] Error 2




Detecting CXX compiler ABI info failed to compile with the following output:
Change Dir: /teensyduino/build/CMakeFiles/CMakeTmp

Run Build Command(s):/usr/bin/make cmTC_48010/fast && /usr/bin/make -f CMakeFiles/cmTC_48010.dir/build.make CMakeFiles/cmTC_48010.dir/build
make[1]: Entering directory '/teensyduino/build/CMakeFiles/CMakeTmp'
Building CXX object CMakeFiles/cmTC_48010.dir/CMakeCXXCompilerABI.cpp.obj
/teensyduino/bin/arm-none-eabi-g++    -v -o CMakeFiles/cmTC_48010.dir/CMakeCXXCompilerABI.cpp.obj -c /usr/share/cmake-3.16/Modules/CMakeCXXCompilerABI.cpp
Using built-in specs.
COLLECT_GCC=/teensyduino/bin/arm-none-eabi-g++
Target: arm-none-eabi
Configured with: /home/paul/gcc-arm-none-eabi-5_4-2016q3-20160926/src/gcc/configure --target=arm-none-eabi --prefix=/home/paul/gcc-arm-none-eabi-5_4-2016q3-20160926/install-native --libexecdir=/home/paul/gcc-arm-none-eabi-5_4-2016q3-20160926/install-native/lib --infodir=/home/paul/gcc-arm-none-eabi-5_4-2016q3-20160926/install-native/share/doc/gcc-arm-none-eabi/info --mandir=/home/paul/gcc-arm-none-eabi-5_4-2016q3-20160926/install-native/share/doc/gcc-arm-none-eabi/man --htmldir=/home/paul/gcc-arm-none-eabi-5_4-2016q3-20160926/install-native/share/doc/gcc-arm-none-eabi/html --pdfdir=/home/paul/gcc-arm-none-eabi-5_4-2016q3-20160926/install-native/share/doc/gcc-arm-none-eabi/pdf --enable-languages=c,c++ --enable-plugins --disable-decimal-float --disable-libffi --disable-libgomp --disable-libmudflap --disable-libquadmath --disable-libssp --disable-libstdcxx-pch --disable-nls --disable-shared --disable-threads --disable-tls --with-gnu-as --with-gnu-ld --with-newlib --with-headers=yes --with-python-dir=share/gcc-arm-none-eabi --with-sysroot=/home/paul/gcc-arm-none-eabi-5_4-2016q3-20160926/install-native/arm-none-eabi --build=x86_64-linux-gnu --host=x86_64-linux-gnu --with-gmp=/home/paul/gcc-arm-none-eabi-5_4-2016q3-20160926/build-native/host-libs/usr --with-mpfr=/home/paul/gcc-arm-none-eabi-5_4-2016q3-20160926/build-native/host-libs/usr --with-mpc=/home/paul/gcc-arm-none-eabi-5_4-2016q3-20160926/build-native/host-libs/usr --with-isl=/home/paul/gcc-arm-none-eabi-5_4-2016q3-20160926/build-native/host-libs/usr --with-cloog=/home/paul/gcc-arm-none-eabi-5_4-2016q3-20160926/build-native/host-libs/usr --with-libelf=/home/paul/gcc-arm-none-eabi-5_4-2016q3-20160926/build-native/host-libs/usr --with-host-libstdcxx='-static-libgcc -Wl,-Bstatic,-lstdc++,-Bdynamic -lm' --with-pkgversion='GNU Tools for ARM Embedded Processors' --with-multilib-list=armv6-m,armv7-m,armv7e-m,armv7-r,armv8-m.base,armv8-m.main
Thread model: single
gcc version 5.4.1 20160919 (release) [ARM/embedded-5-branch revision 240496] (GNU Tools for ARM Embedded Processors) 
COLLECT_GCC_OPTIONS='-v' '-o' 'CMakeFiles/cmTC_48010.dir/CMakeCXXCompilerABI.cpp.obj' '-c'
 /teensyduino/bin/../lib/gcc/cc1plus -quiet -v -iprefix /teensyduino/bin/../lib/gcc/arm-none-eabi/5.4.1/ -D__USES_INITFINI__ /usr/share/cmake-3.16/Modules/CMakeCXXCompilerABI.cpp -quiet -dumpbase CMakeCXXCompilerABI.cpp -auxbase-strip CMakeFiles/cmTC_48010.dir/CMakeCXXCompilerABI.cpp.obj -version -o /tmp/ccG1IPiU.s
GNU C++ (GNU Tools for ARM Embedded Processors) version 5.4.1 20160919 (release) [ARM/embedded-5-branch revision 240496] (arm-none-eabi)
	compiled by GNU C version 4.3.2, GMP version 4.3.2, MPFR version 2.4.2, MPC version 0.8.1
GGC heuristics: --param ggc-min-expand=100 --param ggc-min-heapsize=131072
ignoring nonexistent directory "/teensyduino/bin/../lib/gcc/arm-none-eabi/5.4.1/../../../../arm-none-eabi/include/c++/5.4.1"
ignoring nonexistent directory "/teensyduino/bin/../lib/gcc/arm-none-eabi/5.4.1/../../../../arm-none-eabi/include/c++/5.4.1/arm-none-eabi"
ignoring nonexistent directory "/teensyduino/bin/../lib/gcc/arm-none-eabi/5.4.1/../../../../arm-none-eabi/include/c++/5.4.1/backward"
ignoring nonexistent directory "/teensyduino/bin/../lib/gcc/arm-none-eabi/5.4.1/include"
ignoring nonexistent directory "/teensyduino/bin/../lib/gcc/arm-none-eabi/5.4.1/include-fixed"
ignoring nonexistent directory "/teensyduino/bin/../lib/gcc/arm-none-eabi/5.4.1/../../../../arm-none-eabi/include"
ignoring nonexistent directory "/teensyduino/bin/../lib/gcc/../../lib/gcc/arm-none-eabi/5.4.1/../../../../arm-none-eabi/include/c++/5.4.1"
ignoring nonexistent directory "/teensyduino/bin/../lib/gcc/../../lib/gcc/arm-none-eabi/5.4.1/../../../../arm-none-eabi/include/c++/5.4.1/arm-none-eabi"
ignoring nonexistent directory "/teensyduino/bin/../lib/gcc/../../lib/gcc/arm-none-eabi/5.4.1/../../../../arm-none-eabi/include/c++/5.4.1/backward"
ignoring nonexistent directory "/teensyduino/bin/../lib/gcc/../../lib/gcc/arm-none-eabi/5.4.1/include"
ignoring nonexistent directory "/home/paul/gcc-arm-none-eabi-5_4-2016q3-20160926/install-native/arm-none-eabi/usr/local/include"
ignoring nonexistent directory "/teensyduino/bin/../lib/gcc/../../lib/gcc/arm-none-eabi/5.4.1/include-fixed"
ignoring nonexistent directory "/teensyduino/bin/../lib/gcc/../../lib/gcc/arm-none-eabi/5.4.1/../../../../arm-none-eabi/include"
ignoring nonexistent directory "/home/paul/gcc-arm-none-eabi-5_4-2016q3-20160926/install-native/arm-none-eabi/usr/include"
#include "..." search starts here:
#include <...> search starts here:
End of search list.
GNU C++ (GNU Tools for ARM Embedded Processors) version 5.4.1 20160919 (release) [ARM/embedded-5-branch revision 240496] (arm-none-eabi)
	compiled by GNU C version 4.3.2, GMP version 4.3.2, MPFR version 2.4.2, MPC version 0.8.1
GGC heuristics: --param ggc-min-expand=100 --param ggc-min-heapsize=131072
Compiler executable checksum: f056b3585372add73ff3e1df6cbf929e
COLLECT_GCC_OPTIONS='-v' '-o' 'CMakeFiles/cmTC_48010.dir/CMakeCXXCompilerABI.cpp.obj' '-c'
 as -v -meabi=5 -o CMakeFiles/cmTC_48010.dir/CMakeCXXCompilerABI.cpp.obj /tmp/ccG1IPiU.s
GNU assembler version 2.26.2 (arm-none-eabi) using BFD version (GNU Tools for ARM Embedded Processors) 2.26.2.20160923
COMPILER_PATH=/teensyduino/bin/../lib/gcc/
LIBRARY_PATH=/teensyduino/bin/../lib/gcc/
COLLECT_GCC_OPTIONS='-v' '-o' 'CMakeFiles/cmTC_48010.dir/CMakeCXXCompilerABI.cpp.obj' '-c'
Linking CXX executable cmTC_48010
/usr/bin/cmake -E cmake_link_script CMakeFiles/cmTC_48010.dir/link.txt --verbose=1
/teensyduino/bin/arm-none-eabi-g++      -v CMakeFiles/cmTC_48010.dir/CMakeCXXCompilerABI.cpp.obj  -o cmTC_48010 
Using built-in specs.
COLLECT_GCC=/teensyduino/bin/arm-none-eabi-g++
COLLECT_LTO_WRAPPER=/teensyduino/bin/../lib/gcc/lto-wrapper
Target: arm-none-eabi
Configured with: /home/paul/gcc-arm-none-eabi-5_4-2016q3-20160926/src/gcc/configure --target=arm-none-eabi --prefix=/home/paul/gcc-arm-none-eabi-5_4-2016q3-20160926/install-native --libexecdir=/home/paul/gcc-arm-none-eabi-5_4-2016q3-20160926/install-native/lib --infodir=/home/paul/gcc-arm-none-eabi-5_4-2016q3-20160926/install-native/share/doc/gcc-arm-none-eabi/info --mandir=/home/paul/gcc-arm-none-eabi-5_4-2016q3-20160926/install-native/share/doc/gcc-arm-none-eabi/man --htmldir=/home/paul/gcc-arm-none-eabi-5_4-2016q3-20160926/install-native/share/doc/gcc-arm-none-eabi/html --pdfdir=/home/paul/gcc-arm-none-eabi-5_4-2016q3-20160926/install-native/share/doc/gcc-arm-none-eabi/pdf --enable-languages=c,c++ --enable-plugins --disable-decimal-float --disable-libffi --disable-libgomp --disable-libmudflap --disable-libquadmath --disable-libssp --disable-libstdcxx-pch --disable-nls --disable-shared --disable-threads --disable-tls --with-gnu-as --with-gnu-ld --with-newlib --with-headers=yes --with-python-dir=share/gcc-arm-none-eabi --with-sysroot=/home/paul/gcc-arm-none-eabi-5_4-2016q3-20160926/install-native/arm-none-eabi --build=x86_64-linux-gnu --host=x86_64-linux-gnu --with-gmp=/home/paul/gcc-arm-none-eabi-5_4-2016q3-20160926/build-native/host-libs/usr --with-mpfr=/home/paul/gcc-arm-none-eabi-5_4-2016q3-20160926/build-native/host-libs/usr --with-mpc=/home/paul/gcc-arm-none-eabi-5_4-2016q3-20160926/build-native/host-libs/usr --with-isl=/home/paul/gcc-arm-none-eabi-5_4-2016q3-20160926/build-native/host-libs/usr --with-cloog=/home/paul/gcc-arm-none-eabi-5_4-2016q3-20160926/build-native/host-libs/usr --with-libelf=/home/paul/gcc-arm-none-eabi-5_4-2016q3-20160926/build-native/host-libs/usr --with-host-libstdcxx='-static-libgcc -Wl,-Bstatic,-lstdc++,-Bdynamic -lm' --with-pkgversion='GNU Tools for ARM Embedded Processors' --with-multilib-list=armv6-m,armv7-m,armv7e-m,armv7-r,armv8-m.base,armv8-m.main
Thread model: single
gcc version 5.4.1 20160919 (release) [ARM/embedded-5-branch revision 240496] (GNU Tools for ARM Embedded Processors) 
COMPILER_PATH=/teensyduino/bin/../lib/gcc/
LIBRARY_PATH=/teensyduino/bin/../lib/gcc/
COLLECT_GCC_OPTIONS='-v' '-o' 'cmTC_48010'
 /teensyduino/bin/../lib/gcc/collect2 -plugin /teensyduino/bin/../lib/gcc/liblto_plugin.so -plugin-opt=/teensyduino/bin/../lib/gcc/lto-wrapper -plugin-opt=-fresolution=/tmp/ccobMrkW.res -plugin-opt=-pass-through=-lgcc -plugin-opt=-pass-through=-lc --sysroot=/home/paul/gcc-arm-none-eabi-5_4-2016q3-20160926/install-native/arm-none-eabi -X -o cmTC_48010 crti.o crtbegin.o /teensyduino/bin/../lib/gcc/crt0.o -L/teensyduino/bin/../lib/gcc CMakeFiles/cmTC_48010.dir/CMakeCXXCompilerABI.cpp.obj -lstdc++ -lm --start-group -lgcc -lc --end-group crtend.o crtn.o
/teensyduino/bin/arm-none-eabi-ld: cannot find crti.o: No such file or directory
/teensyduino/bin/arm-none-eabi-ld: cannot find crtbegin.o: No such file or directory
/teensyduino/bin/arm-none-eabi-ld: cannot find -lstdc++
/teensyduino/bin/arm-none-eabi-ld: cannot find -lm
/teensyduino/bin/arm-none-eabi-ld: cannot find -lgcc
/teensyduino/bin/arm-none-eabi-ld: cannot find -lc
collect2: error: ld returned 1 exit status
make[1]: *** [CMakeFiles/cmTC_48010.dir/build.make:87: cmTC_48010] Error 1
make[1]: Leaving directory '/teensyduino/build/CMakeFiles/CMakeTmp'
make: *** [Makefile:121: cmTC_48010/fast] Error 2




